2018-06-24 19:20:35,507 DEBUG com.epam.paymentsystems.cards.Card                 - Getting of identification number
2018-06-24 19:20:35,508 DEBUG com.epam.paymentsystems.cards.Card                 - Get identification number from GENERATOR
2018-06-24 19:20:35,508 TRACE com.epam.paymentsystems.generators.RandomGenerator - Creating random
2018-06-24 19:20:35,508 TRACE com.epam.paymentsystems.generators.RandomGenerator - 9 random digit are generated - [6, 4, 6, 1, 4, 1, 1, 2, 0]
2018-06-24 19:20:35,508 DEBUG com.epam.paymentsystems.cards.Card                 - Saving an identification number to the card number
2018-06-24 19:20:35,508 DEBUG com.epam.paymentsystems.cards.Card                 - Getting the check number
2018-06-24 19:20:35,509 DEBUG com.epam.paymentsystems.cards.Card                 - Get and saving check digit
2018-06-24 19:20:35,509 TRACE com.epam.paymentsystems.algorithms.LuhnAlgorithm   - Array source number is - [2, 2, 2, 0, 4, 5, 6, 4, 6, 1, 4, 1, 1, 2, 0, 0]
2018-06-24 19:20:35,509 TRACE com.epam.paymentsystems.algorithms.LuhnAlgorithm   - Array change number is forming - [2, 4, 2, 0, 4, 1, 6, 8, 6, 2, 4, 2, 1, 4, 0, 0]
2018-06-24 19:20:35,509 TRACE com.epam.paymentsystems.algorithms.LuhnAlgorithm   - The sum change number - 46
2018-06-24 19:20:35,509 TRACE com.epam.paymentsystems.algorithms.LuhnAlgorithm   - The check digit - 4
2018-06-24 19:20:35,509 DEBUG com.epam.paymentsystems.cards.FactoryCards         - Create "MIR_DEBIT" card
2018-06-24 19:20:35,509 DEBUG com.epam.paymentsystems.cards.Card                 - Initializing the card number
2018-06-24 19:20:35,509 DEBUG com.epam.paymentsystems.cards.Card                 - Formation a bank identifier
2018-06-24 19:20:35,509 DEBUG com.epam.paymentsystems.cards.Card                 - Getting the digit of payment system
2018-06-24 19:20:35,509 DEBUG com.epam.paymentsystems.cards.Card                 - Getting the number of type card
2018-06-24 19:20:35,509 DEBUG com.epam.paymentsystems.cards.Card                 - Formation a unique number
2018-06-24 19:20:35,510 DEBUG com.epam.paymentsystems.cards.Card                 - Getting of identification number
2018-06-24 19:20:35,510 DEBUG com.epam.paymentsystems.cards.Card                 - Get identification number from GENERATOR
2018-06-24 19:20:35,510 TRACE com.epam.paymentsystems.generators.RandomGenerator - Creating random
2018-06-24 19:20:35,510 TRACE com.epam.paymentsystems.generators.RandomGenerator - 9 random digit are generated - [7, 8, 9, 9, 5, 0, 2, 4, 2]
2018-06-24 19:20:35,510 DEBUG com.epam.paymentsystems.cards.Card                 - Saving an identification number to the card number
2018-06-24 19:20:35,510 DEBUG com.epam.paymentsystems.cards.Card                 - Getting the check number
2018-06-24 19:20:35,510 DEBUG com.epam.paymentsystems.cards.Card                 - Get and saving check digit
2018-06-24 19:20:35,510 TRACE com.epam.paymentsystems.algorithms.LuhnAlgorithm   - Array source number is - [2, 2, 0, 4, 3, 7, 7, 8, 9, 9, 5, 0, 2, 4, 2, 0]
2018-06-24 19:20:35,510 TRACE com.epam.paymentsystems.algorithms.LuhnAlgorithm   - Array change number is forming - [2, 4, 0, 8, 3, 5, 7, 7, 9, 9, 5, 0, 2, 8, 2, 0]
2018-06-24 19:20:35,510 TRACE com.epam.paymentsystems.algorithms.LuhnAlgorithm   - The sum change number - 71
2018-06-24 19:20:35,510 TRACE com.epam.paymentsystems.algorithms.LuhnAlgorithm   - The check digit - 9
2018-06-24 19:20:35,510 INFO  com.epam.paymentsystems.PaymentSystems             - Get report of all created cards
2018-06-24 19:20:35,513 INFO  com.epam.paymentsystems.PaymentSystems             - Get printer to output the report
2018-06-24 19:20:35,516 INFO  com.epam.paymentsystems.PaymentSystems             - Printing report
2018-06-24 19:20:35,517 DEBUG com.epam.paymentsystems.reports.SimpleReport       - Creating report
2018-06-24 19:20:35,517 DEBUG com.epam.paymentsystems.reports.SimpleReport       - Begin of formatting report
2018-06-24 19:20:35,523 DEBUG com.epam.paymentsystems.reports.SimpleReport       - End of formatting report
2018-06-24 19:20:35,523 DEBUG com.epam.paymentsystems.printers.ConsolePrinter    - Output text in console
